<?xml version="1.0" encoding="UTF-8"?>
<!-- Generated by org.testng.reporters.JUnitXMLReporter -->
<testsuite ignored="0" hostname="LAPTOP-MJA9L9M3" failures="2" tests="12" name="Test" time="62.294" errors="0" timestamp="2025-03-05T21:33:59 IST">
  <testcase classname="testcases.InventoryPageTest" name="verifyAdd6ItemTest" time="2.615"/>
  <testcase classname="testcases.InventoryPageTest" name="verifyFacebookLogoTest" time="0.065"/>
  <testcase classname="testcases.InventoryPageTest" name="verifyFooterTxtTest" time="0.029"/>
  <testcase classname="testcases.InventoryPageTest" name="verifyLinkedInLogoTest" time="0.032"/>
  <testcase classname="testcases.InventoryPageTest" name="verifyMenuListTest" time="0.043"/>
  <testcase classname="testcases.InventoryPageTest" name="verifySwagLabsAppLogoTest" time="0.053"/>
  <testcase classname="testcases.InventoryPageTest" name="verifyTitleOfAPPlicationTest" time="0.038"/>
  <testcase classname="testcases.InventoryPageTest" name="verifyTwitterLogoTest" time="0.031"/>
  <testcase classname="testcases.InventoryPageTest" name="verifyURLOfAPPlicationTest" time="0.03"/>
  <testcase classname="testcases.LoginTest" name="loginToApplicationTest" time="0.351">
    <failure type="java.lang.AssertionError" message="expected [https://www.saucedemo.com/inventory.html] but found [://www.saucedemo.com/inventory.html]">
      <![CDATA[java.lang.AssertionError: expected [https://www.saucedemo.com/inventory.html] but found [://www.saucedemo.com/inventory.html]
at testcases.LoginTest.loginToApplicationTest(LoginTest.java:31)
at java.base/java.util.ArrayList.forEach(ArrayList.java:1597)
... Removed 31 stack frames]]>
    </failure>
  </testcase> <!-- loginToApplicationTest -->
  <testcase classname="testcases.LoginTest" name="verifyTitleOfApplicationTest" time="0.013">
    <failure type="java.lang.AssertionError" message="expected [Swag Labs] but found [Swag]">
      <![CDATA[java.lang.AssertionError: expected [Swag Labs] but found [Swag]
at testcases.LoginTest.verifyTitleOfApplicationTest(LoginTest.java:49)
at java.base/java.util.ArrayList.forEach(ArrayList.java:1597)
... Removed 31 stack frames]]>
    </failure>
  </testcase> <!-- verifyTitleOfApplicationTest -->
  <testcase classname="testcases.LoginTest" name="verifyURLOfApplicationTest" time="0.013"/>
</testsuite> <!-- Test -->
